TN:
SF:/Users/chrisgray/personal/dividr/app.js
FN:39,(anonymous_0)
FN:46,(anonymous_1)
FNF:2
FNH:0
FNDA:0,(anonymous_0)
FNDA:0,(anonymous_1)
DA:1,1
DA:2,1
DA:4,1
DA:5,1
DA:6,1
DA:7,1
DA:8,1
DA:9,1
DA:11,1
DA:12,1
DA:13,1
DA:15,1
DA:18,1
DA:19,1
DA:23,1
DA:24,1
DA:25,1
DA:26,1
DA:27,1
DA:33,1
DA:35,1
DA:36,1
DA:39,1
DA:40,0
DA:41,0
DA:42,0
DA:46,1
DA:48,0
DA:49,0
DA:52,0
DA:53,0
DA:56,1
LF:32
LH:25
BRDA:49,0,0,0
BRDA:49,0,1,0
BRDA:52,1,0,0
BRDA:52,1,1,0
BRF:4
BRH:0
end_of_record
TN:
SF:/Users/chrisgray/personal/dividr/config/config.js
FN:7,(anonymous_0)
FNF:1
FNH:1
FNDA:3,(anonymous_0)
DA:1,1
DA:3,1
DA:4,1
DA:5,1
DA:7,1
DA:8,3
LF:6
LH:6
BRDA:1,0,0,1
BRDA:1,0,1,0
BRDA:3,1,0,1
BRDA:3,1,1,0
BRDA:3,2,0,1
BRDA:3,2,1,1
BRF:6
BRH:4
end_of_record
TN:
SF:/Users/chrisgray/personal/dividr/config/passport.js
FN:12,(anonymous_0)
FN:13,(anonymous_1)
FN:17,(anonymous_2)
FN:34,(anonymous_3)
FN:35,(anonymous_4)
FNF:5
FNH:5
FNDA:15,(anonymous_0)
FNDA:15,(anonymous_1)
FNDA:14,(anonymous_2)
FNDA:13,(anonymous_3)
FNDA:13,(anonymous_4)
DA:1,1
DA:3,1
DA:4,1
DA:5,1
DA:6,1
DA:7,1
DA:9,1
DA:12,1
DA:13,15
DA:14,15
DA:15,15
DA:17,14
DA:18,14
DA:19,14
DA:21,14
DA:26,1
DA:34,1
DA:35,13
DA:36,13
DA:37,13
DA:38,13
DA:40,0
DA:45,1
DA:46,1
LF:24
LH:23
BRDA:14,0,0,0
BRDA:14,0,1,15
BRDA:15,1,0,1
BRDA:15,1,1,14
BRDA:18,2,0,0
BRDA:18,2,1,14
BRDA:19,3,0,0
BRDA:19,3,1,14
BRDA:36,4,0,0
BRDA:36,4,1,13
BRDA:37,5,0,13
BRDA:37,5,1,0
BRF:12
BRH:7
end_of_record
TN:
SF:/Users/chrisgray/personal/dividr/controllers/authentication/authentication.js
FN:9,generateToken
FN:16,setUserInfo
FN:28,(anonymous_2)
FN:40,(anonymous_3)
FN:62,(anonymous_4)
FN:77,(anonymous_5)
FNF:6
FNH:6
FNDA:16,generateToken
FNDA:16,setUserInfo
FNDA:14,(anonymous_2)
FNDA:5,(anonymous_3)
FNDA:3,(anonymous_4)
FNDA:2,(anonymous_5)
DA:1,1
DA:3,1
DA:4,1
DA:7,1
DA:10,16
DA:17,16
DA:28,1
DA:29,14
DA:30,14
DA:40,1
DA:42,5
DA:43,5
DA:44,5
DA:45,5
DA:48,5
DA:49,1
DA:53,4
DA:54,0
DA:58,4
DA:59,1
DA:62,3
DA:63,3
DA:66,3
DA:67,1
DA:71,2
DA:77,2
DA:78,2
DA:85,2
DA:87,2
LF:29
LH:28
BRDA:48,0,0,1
BRDA:48,0,1,4
BRDA:53,1,0,0
BRDA:53,1,1,4
BRDA:53,2,0,4
BRDA:53,2,1,4
BRDA:58,3,0,1
BRDA:58,3,1,3
BRDA:63,4,0,0
BRDA:63,4,1,3
BRDA:66,5,0,1
BRDA:66,5,1,2
BRDA:78,6,0,0
BRDA:78,6,1,2
BRF:14
BRH:11
end_of_record
TN:
SF:/Users/chrisgray/personal/dividr/controllers/meals/meals.js
FN:6,(anonymous_0)
FN:9,(anonymous_1)
FN:11,(anonymous_2)
FN:17,(anonymous_3)
FN:24,(anonymous_4)
FN:29,(anonymous_5)
FN:35,(anonymous_6)
FN:44,(anonymous_7)
FN:46,(anonymous_8)
FN:51,(anonymous_9)
FN:58,(anonymous_10)
FN:63,(anonymous_11)
FN:68,(anonymous_12)
FN:76,(anonymous_13)
FN:81,(anonymous_14)
FNF:15
FNH:11
FNDA:1,(anonymous_0)
FNDA:1,(anonymous_1)
FNDA:0,(anonymous_2)
FNDA:3,(anonymous_3)
FNDA:2,(anonymous_4)
FNDA:0,(anonymous_5)
FNDA:3,(anonymous_6)
FNDA:1,(anonymous_7)
FNDA:2,(anonymous_8)
FNDA:3,(anonymous_9)
FNDA:2,(anonymous_10)
FNDA:0,(anonymous_11)
FNDA:3,(anonymous_12)
FNDA:2,(anonymous_13)
FNDA:0,(anonymous_14)
DA:1,1
DA:2,1
DA:4,1
DA:6,1
DA:7,1
DA:10,1
DA:12,0
DA:17,1
DA:18,3
DA:19,3
DA:20,1
DA:22,2
DA:25,2
DA:26,1
DA:28,1
DA:30,0
DA:35,1
DA:36,3
DA:44,3
DA:45,1
DA:47,2
DA:51,1
DA:52,3
DA:53,3
DA:54,1
DA:56,2
DA:59,2
DA:60,1
DA:62,1
DA:64,0
DA:68,1
DA:69,3
DA:70,3
DA:71,3
DA:72,1
DA:74,2
DA:77,2
DA:78,1
DA:80,1
DA:82,0
DA:86,1
LF:41
LH:37
BRDA:19,0,0,1
BRDA:19,0,1,2
BRDA:25,1,0,1
BRDA:25,1,1,1
BRDA:53,2,0,1
BRDA:53,2,1,2
BRDA:59,3,0,1
BRDA:59,3,1,1
BRDA:71,4,0,1
BRDA:71,4,1,2
BRDA:77,5,0,1
BRDA:77,5,1,1
BRF:12
BRH:12
end_of_record
TN:
SF:/Users/chrisgray/personal/dividr/db/mongoose.js
FNF:0
FNH:0
DA:1,1
DA:2,1
DA:5,1
DA:7,1
DA:9,1
LF:5
LH:5
BRF:0
BRH:0
end_of_record
TN:
SF:/Users/chrisgray/personal/dividr/models/meal.js
FN:32,(anonymous_0)
FN:37,(anonymous_1)
FNF:2
FNH:2
FNDA:1,(anonymous_0)
FNDA:2,(anonymous_1)
DA:1,1
DA:2,1
DA:4,1
DA:32,1
DA:33,1
DA:34,1
DA:37,1
DA:38,2
DA:39,1
DA:43,1
DA:45,1
LF:11
LH:11
BRDA:38,0,0,1
BRDA:38,0,1,1
BRF:2
BRH:2
end_of_record
TN:
SF:/Users/chrisgray/personal/dividr/models/user.js
FN:31,(anonymous_0)
FN:37,(anonymous_1)
FN:40,(anonymous_2)
FN:49,(anonymous_3)
FN:50,(anonymous_4)
FNF:5
FNH:5
FNDA:2,(anonymous_0)
FNDA:2,(anonymous_1)
FNDA:2,(anonymous_2)
FNDA:14,(anonymous_3)
FNDA:14,(anonymous_4)
DA:1,1
DA:2,1
DA:3,1
DA:8,1
DA:31,1
DA:32,2
DA:33,2
DA:35,2
DA:37,2
DA:38,2
DA:40,2
DA:41,2
DA:42,2
DA:43,2
DA:49,1
DA:50,14
DA:51,14
DA:53,14
DA:57,1
LF:19
LH:19
BRDA:35,0,0,0
BRDA:35,0,1,2
BRDA:38,1,0,0
BRDA:38,1,1,2
BRDA:41,2,0,0
BRDA:41,2,1,2
BRDA:51,3,0,0
BRDA:51,3,1,14
BRF:8
BRH:4
end_of_record
TN:
SF:/Users/chrisgray/personal/dividr/routes/index.js
FN:14,(anonymous_0)
FNF:1
FNH:1
FNDA:1,(anonymous_0)
DA:1,1
DA:3,1
DA:4,1
DA:5,1
DA:6,1
DA:9,1
DA:10,1
DA:14,1
DA:15,1
DA:19,1
DA:22,1
DA:25,1
LF:12
LH:12
BRF:0
BRH:0
end_of_record
TN:
SF:/Users/chrisgray/personal/dividr/routes/meals.js
FNF:0
FNH:0
DA:1,1
DA:3,1
DA:4,1
DA:5,1
DA:8,1
DA:12,1
DA:14,1
DA:16,1
DA:18,1
DA:20,1
DA:22,1
DA:24,1
LF:12
LH:12
BRF:0
BRH:0
end_of_record
TN:
SF:/Users/chrisgray/personal/dividr/tests/test-helpers.js
FN:4,createLoginToken
FN:10,(anonymous_1)
FNF:2
FNH:2
FNDA:13,createLoginToken
FNDA:13,(anonymous_1)
DA:1,1
DA:5,13
DA:12,13
DA:13,0
DA:16,13
DA:18,13
DA:20,13
DA:24,1
LF:8
LH:7
BRDA:12,0,0,0
BRDA:12,0,1,13
BRF:2
BRH:1
end_of_record
TN:
SF:/Users/chrisgray/personal/dividr/tests/seed/seed.js
FN:9,encryptPassword
FN:21,(anonymous_1)
FN:22,(anonymous_2)
FN:24,(anonymous_3)
FN:46,(anonymous_4)
FN:47,(anonymous_5)
FN:49,(anonymous_6)
FNF:7
FNH:7
FNDA:3,encryptPassword
FNDA:23,(anonymous_1)
FNDA:23,(anonymous_2)
FNDA:23,(anonymous_3)
FNDA:22,(anonymous_4)
FNDA:22,(anonymous_5)
FNDA:22,(anonymous_6)
DA:1,1
DA:2,1
DA:3,1
DA:5,1
DA:6,1
DA:7,1
DA:10,3
DA:13,1
DA:14,1
DA:16,1
DA:19,1
DA:21,1
DA:22,23
DA:23,23
DA:24,23
DA:27,1
DA:46,1
DA:47,22
DA:48,22
DA:49,22
DA:52,1
LF:21
LH:21
BRF:0
BRH:0
end_of_record
