{"/Users/chrisgray/personal/dividr/app.js":{"path":"/Users/chrisgray/personal/dividr/app.js","s":{"1":1,"2":1,"3":1,"4":1,"5":1,"6":1,"7":1,"8":1,"9":1,"10":1,"11":1,"12":1,"13":1,"14":1,"15":1,"16":1,"17":1,"18":1,"19":1,"20":1,"21":1,"22":1,"23":1,"24":0,"25":0,"26":0,"27":1,"28":0,"29":0,"30":0,"31":0,"32":1},"b":{"1":[0,0],"2":[0,0]},"f":{},"fnMap":{},"statementMap":{"1":{"start":{"line":1,"column":0},"end":{"line":1,"column":27}},"2":{"start":{"line":2,"column":0},"end":{"line":2,"column":25}},"3":{"start":{"line":4,"column":0},"end":{"line":4,"column":35}},"4":{"start":{"line":5,"column":0},"end":{"line":5,"column":29}},"5":{"start":{"line":6,"column":0},"end":{"line":6,"column":41}},"6":{"start":{"line":7,"column":0},"end":{"line":7,"column":33}},"7":{"start":{"line":8,"column":0},"end":{"line":8,"column":46}},"8":{"start":{"line":9,"column":0},"end":{"line":9,"column":42}},"9":{"start":{"line":11,"column":0},"end":{"line":11,"column":55}},"10":{"start":{"line":12,"column":0},"end":{"line":12,"column":40}},"11":{"start":{"line":13,"column":0},"end":{"line":13,"column":40}},"12":{"start":{"line":15,"column":0},"end":{"line":15,"column":20}},"13":{"start":{"line":18,"column":0},"end":{"line":18,"column":48}},"14":{"start":{"line":19,"column":0},"end":{"line":19,"column":30}},"15":{"start":{"line":23,"column":0},"end":{"line":23,"column":23}},"16":{"start":{"line":24,"column":0},"end":{"line":24,"column":27}},"17":{"start":{"line":25,"column":0},"end":{"line":25,"column":52}},"18":{"start":{"line":26,"column":0},"end":{"line":26,"column":24}},"19":{"start":{"line":27,"column":0},"end":{"line":32,"column":4}},"20":{"start":{"line":33,"column":0},"end":{"line":33,"column":56}},"21":{"start":{"line":35,"column":0},"end":{"line":35,"column":26}},"22":{"start":{"line":36,"column":0},"end":{"line":36,"column":32}},"23":{"start":{"line":39,"column":0},"end":{"line":43,"column":3}},"24":{"start":{"line":40,"column":2},"end":{"line":40,"column":35}},"25":{"start":{"line":41,"column":2},"end":{"line":41,"column":19}},"26":{"start":{"line":42,"column":2},"end":{"line":42,"column":12}},"27":{"start":{"line":46,"column":0},"end":{"line":54,"column":3}},"28":{"start":{"line":48,"column":2},"end":{"line":48,"column":35}},"29":{"start":{"line":49,"column":2},"end":{"line":49,"column":69}},"30":{"start":{"line":52,"column":2},"end":{"line":52,"column":32}},"31":{"start":{"line":53,"column":2},"end":{"line":53,"column":22}},"32":{"start":{"line":56,"column":0},"end":{"line":56,"column":21}}},"branchMap":{"1":{"line":49,"type":"cond-expr","locations":[{"start":{"line":49,"column":60},"end":{"line":49,"column":63}},{"start":{"line":49,"column":66},"end":{"line":49,"column":68}}]},"2":{"line":52,"type":"binary-expr","locations":[{"start":{"line":52,"column":13},"end":{"line":52,"column":23}},{"start":{"line":52,"column":27},"end":{"line":52,"column":30}}]}}},"/Users/chrisgray/personal/dividr/config/config.js":{"path":"/Users/chrisgray/personal/dividr/config/config.js","s":{"1":1,"2":1,"3":1,"4":1,"5":1,"6":3},"b":{"1":[1,1],"2":[1,0],"3":[1,0]},"f":{},"fnMap":{},"statementMap":{"1":{"start":{"line":1,"column":0},"end":{"line":1,"column":48}},"2":{"start":{"line":3,"column":0},"end":{"line":10,"column":1}},"3":{"start":{"line":4,"column":4},"end":{"line":4,"column":42}},"4":{"start":{"line":5,"column":4},"end":{"line":5,"column":32}},"5":{"start":{"line":7,"column":4},"end":{"line":9,"column":7}},"6":{"start":{"line":8,"column":8},"end":{"line":8,"column":42}}},"branchMap":{"1":{"line":1,"type":"binary-expr","locations":[{"start":{"line":1,"column":10},"end":{"line":1,"column":30}},{"start":{"line":1,"column":34},"end":{"line":1,"column":47}}]},"2":{"line":3,"type":"if","locations":[{"start":{"line":3,"column":0},"end":{"line":3,"column":0}},{"start":{"line":3,"column":0},"end":{"line":3,"column":0}}]},"3":{"line":3,"type":"binary-expr","locations":[{"start":{"line":3,"column":3},"end":{"line":3,"column":24}},{"start":{"line":3,"column":28},"end":{"line":3,"column":42}}]}}},"/Users/chrisgray/personal/dividr/db/mongoose.js":{"path":"/Users/chrisgray/personal/dividr/db/mongoose.js","s":{"1":1,"2":1,"3":1,"4":1,"5":1},"b":{},"f":{},"fnMap":{},"statementMap":{"1":{"start":{"line":1,"column":0},"end":{"line":1,"column":37}},"2":{"start":{"line":2,"column":0},"end":{"line":2,"column":44}},"3":{"start":{"line":5,"column":0},"end":{"line":5,"column":34}},"4":{"start":{"line":7,"column":0},"end":{"line":7,"column":30}},"5":{"start":{"line":9,"column":0},"end":{"line":9,"column":28}}},"branchMap":{}},"/Users/chrisgray/personal/dividr/routes/index.js":{"path":"/Users/chrisgray/personal/dividr/routes/index.js","s":{"1":1,"2":1,"3":1,"4":1,"5":1,"6":1,"7":1,"8":1,"9":0,"10":1,"11":1,"12":1},"b":{},"f":{},"fnMap":{},"statementMap":{"1":{"start":{"line":1,"column":0},"end":{"line":1,"column":33}},"2":{"start":{"line":3,"column":0},"end":{"line":3,"column":35}},"3":{"start":{"line":4,"column":0},"end":{"line":4,"column":32}},"4":{"start":{"line":5,"column":0},"end":{"line":5,"column":91}},"5":{"start":{"line":6,"column":0},"end":{"line":6,"column":37}},"6":{"start":{"line":9,"column":0},"end":{"line":9,"column":69}},"7":{"start":{"line":10,"column":0},"end":{"line":10,"column":72}},"8":{"start":{"line":14,"column":0},"end":{"line":16,"column":3}},"9":{"start":{"line":15,"column":2},"end":{"line":15,"column":44}},"10":{"start":{"line":19,"column":0},"end":{"line":19,"column":60}},"11":{"start":{"line":22,"column":0},"end":{"line":22,"column":68}},"12":{"start":{"line":25,"column":0},"end":{"line":25,"column":24}}},"branchMap":{}},"/Users/chrisgray/personal/dividr/config/passport.js":{"path":"/Users/chrisgray/personal/dividr/config/passport.js","s":{"1":1,"2":1,"3":1,"4":1,"5":1,"6":1,"7":1,"8":1,"9":0,"10":0,"11":0,"12":0,"13":0,"14":0,"15":0,"16":0,"17":0,"18":0,"19":0,"20":0,"21":1,"22":1,"23":0,"24":0,"25":0,"26":0,"27":0,"28":0,"29":1,"30":1},"b":{"1":[0,0],"2":[0,0],"3":[0,0],"4":[0,0],"5":[0,0],"6":[0,0]},"f":{},"fnMap":{},"statementMap":{"1":{"start":{"line":1,"column":0},"end":{"line":1,"column":20}},"2":{"start":{"line":3,"column":0},"end":{"line":3,"column":37}},"3":{"start":{"line":4,"column":0},"end":{"line":4,"column":41}},"4":{"start":{"line":5,"column":0},"end":{"line":5,"column":53}},"5":{"start":{"line":6,"column":0},"end":{"line":6,"column":54}},"6":{"start":{"line":7,"column":0},"end":{"line":7,"column":48}},"7":{"start":{"line":9,"column":0},"end":{"line":9,"column":48}},"8":{"start":{"line":12,"column":0},"end":{"line":26,"column":3}},"9":{"start":{"line":13,"column":4},"end":{"line":25,"column":7}},"10":{"start":{"line":14,"column":8},"end":{"line":14,"column":37}},"11":{"start":{"line":14,"column":18},"end":{"line":14,"column":35}},"12":{"start":{"line":15,"column":8},"end":{"line":15,"column":121}},"13":{"start":{"line":15,"column":20},"end":{"line":15,"column":119}},"14":{"start":{"line":17,"column":8},"end":{"line":24,"column":11}},"15":{"start":{"line":18,"column":12},"end":{"line":20,"column":35}},"16":{"start":{"line":19,"column":16},"end":{"line":19,"column":33}},"17":{"start":{"line":20,"column":16},"end":{"line":20,"column":33}},"18":{"start":{"line":21,"column":12},"end":{"line":21,"column":129}},"19":{"start":{"line":21,"column":28},"end":{"line":21,"column":127}},"20":{"start":{"line":23,"column":12},"end":{"line":23,"column":36}},"21":{"start":{"line":28,"column":0},"end":{"line":33,"column":2}},"22":{"start":{"line":36,"column":0},"end":{"line":47,"column":3}},"23":{"start":{"line":37,"column":4},"end":{"line":46,"column":7}},"24":{"start":{"line":38,"column":8},"end":{"line":39,"column":38}},"25":{"start":{"line":39,"column":12},"end":{"line":39,"column":36}},"26":{"start":{"line":41,"column":8},"end":{"line":45,"column":9}},"27":{"start":{"line":42,"column":12},"end":{"line":42,"column":29}},"28":{"start":{"line":44,"column":12},"end":{"line":44,"column":30}},"29":{"start":{"line":49,"column":0},"end":{"line":49,"column":23}},"30":{"start":{"line":50,"column":0},"end":{"line":50,"column":25}}},"branchMap":{"1":{"line":14,"type":"if","locations":[{"start":{"line":14,"column":8},"end":{"line":14,"column":8}},{"start":{"line":14,"column":8},"end":{"line":14,"column":8}}]},"2":{"line":15,"type":"if","locations":[{"start":{"line":15,"column":8},"end":{"line":15,"column":8}},{"start":{"line":15,"column":8},"end":{"line":15,"column":8}}]},"3":{"line":18,"type":"if","locations":[{"start":{"line":18,"column":12},"end":{"line":18,"column":12}},{"start":{"line":18,"column":12},"end":{"line":18,"column":12}}]},"4":{"line":21,"type":"if","locations":[{"start":{"line":21,"column":12},"end":{"line":21,"column":12}},{"start":{"line":21,"column":12},"end":{"line":21,"column":12}}]},"5":{"line":38,"type":"if","locations":[{"start":{"line":38,"column":8},"end":{"line":38,"column":8}},{"start":{"line":38,"column":8},"end":{"line":38,"column":8}}]},"6":{"line":41,"type":"if","locations":[{"start":{"line":41,"column":8},"end":{"line":41,"column":8}},{"start":{"line":41,"column":8},"end":{"line":41,"column":8}}]}}},"/Users/chrisgray/personal/dividr/models/user.js":{"path":"/Users/chrisgray/personal/dividr/models/user.js","s":{"1":1,"2":1,"3":1,"4":1,"5":1,"6":0,"7":0,"8":0,"9":0,"10":0,"11":0,"12":0,"13":0,"14":0,"15":0,"16":0,"17":0,"18":1,"19":0,"20":0,"21":0,"22":0,"23":1},"b":{"1":[0,0],"2":[0,0],"3":[0,0],"4":[0,0]},"f":{"1":0,"2":0},"fnMap":{"1":{"name":"(anonymous_1)","line":31,"loc":{"start":{"line":31,"column":23},"end":{"line":31,"column":39}}},"2":{"name":"(anonymous_2)","line":49,"loc":{"start":{"line":49,"column":37},"end":{"line":49,"column":69}}}},"statementMap":{"1":{"start":{"line":1,"column":0},"end":{"line":1,"column":37}},"2":{"start":{"line":2,"column":0},"end":{"line":2,"column":31}},"3":{"start":{"line":3,"column":0},"end":{"line":3,"column":40}},"4":{"start":{"line":8,"column":0},"end":{"line":28,"column":7}},"5":{"start":{"line":31,"column":0},"end":{"line":46,"column":3}},"6":{"start":{"line":32,"column":4},"end":{"line":32,"column":22}},"7":{"start":{"line":33,"column":4},"end":{"line":33,"column":26}},"8":{"start":{"line":35,"column":4},"end":{"line":35,"column":52}},"9":{"start":{"line":35,"column":38},"end":{"line":35,"column":52}},"10":{"start":{"line":37,"column":4},"end":{"line":45,"column":7}},"11":{"start":{"line":38,"column":8},"end":{"line":38,"column":34}},"12":{"start":{"line":38,"column":17},"end":{"line":38,"column":34}},"13":{"start":{"line":40,"column":8},"end":{"line":44,"column":11}},"14":{"start":{"line":41,"column":12},"end":{"line":41,"column":38}},"15":{"start":{"line":41,"column":21},"end":{"line":41,"column":38}},"16":{"start":{"line":42,"column":12},"end":{"line":42,"column":33}},"17":{"start":{"line":43,"column":12},"end":{"line":43,"column":19}},"18":{"start":{"line":49,"column":0},"end":{"line":55,"column":2}},"19":{"start":{"line":50,"column":4},"end":{"line":54,"column":7}},"20":{"start":{"line":51,"column":8},"end":{"line":51,"column":36}},"21":{"start":{"line":51,"column":19},"end":{"line":51,"column":34}},"22":{"start":{"line":53,"column":8},"end":{"line":53,"column":26}},"23":{"start":{"line":57,"column":0},"end":{"line":57,"column":52}}},"branchMap":{"1":{"line":35,"type":"if","locations":[{"start":{"line":35,"column":4},"end":{"line":35,"column":4}},{"start":{"line":35,"column":4},"end":{"line":35,"column":4}}]},"2":{"line":38,"type":"if","locations":[{"start":{"line":38,"column":8},"end":{"line":38,"column":8}},{"start":{"line":38,"column":8},"end":{"line":38,"column":8}}]},"3":{"line":41,"type":"if","locations":[{"start":{"line":41,"column":12},"end":{"line":41,"column":12}},{"start":{"line":41,"column":12},"end":{"line":41,"column":12}}]},"4":{"line":51,"type":"if","locations":[{"start":{"line":51,"column":8},"end":{"line":51,"column":8}},{"start":{"line":51,"column":8},"end":{"line":51,"column":8}}]}}},"/Users/chrisgray/personal/dividr/controllers/authentication/authentication.js":{"path":"/Users/chrisgray/personal/dividr/controllers/authentication/authentication.js","s":{"1":1,"2":1,"3":1,"4":1,"5":1,"6":0,"7":1,"8":0,"9":1,"10":0,"11":0,"12":1,"13":0,"14":0,"15":0,"16":0,"17":0,"18":0,"19":0,"20":0,"21":0,"22":0,"23":0,"24":0,"25":0,"26":0,"27":0,"28":0,"29":0,"30":0,"31":0,"32":0,"33":0},"b":{"1":[0,0],"2":[0,0],"3":[0,0],"4":[0,0],"5":[0,0],"6":[0,0],"7":[0,0]},"f":{"1":0,"2":0,"3":0},"fnMap":{"1":{"name":"generateToken","line":9,"loc":{"start":{"line":9,"column":0},"end":{"line":9,"column":29}}},"2":{"name":"setUserInfo","line":16,"loc":{"start":{"line":16,"column":0},"end":{"line":16,"column":30}}},"3":{"name":"(anonymous_3)","line":77,"loc":{"start":{"line":77,"column":18},"end":{"line":77,"column":38}}}},"statementMap":{"1":{"start":{"line":1,"column":0},"end":{"line":1,"column":33}},"2":{"start":{"line":3,"column":0},"end":{"line":3,"column":36}},"3":{"start":{"line":4,"column":0},"end":{"line":4,"column":33}},"4":{"start":{"line":7,"column":0},"end":{"line":7,"column":44}},"5":{"start":{"line":9,"column":0},"end":{"line":13,"column":1}},"6":{"start":{"line":10,"column":4},"end":{"line":12,"column":7}},"7":{"start":{"line":16,"column":0},"end":{"line":23,"column":1}},"8":{"start":{"line":17,"column":4},"end":{"line":22,"column":6}},"9":{"start":{"line":28,"column":0},"end":{"line":34,"column":2}},"10":{"start":{"line":29,"column":4},"end":{"line":29,"column":41}},"11":{"start":{"line":30,"column":4},"end":{"line":33,"column":7}},"12":{"start":{"line":40,"column":0},"end":{"line":93,"column":2}},"13":{"start":{"line":42,"column":4},"end":{"line":42,"column":33}},"14":{"start":{"line":43,"column":4},"end":{"line":43,"column":41}},"15":{"start":{"line":44,"column":4},"end":{"line":44,"column":39}},"16":{"start":{"line":45,"column":4},"end":{"line":45,"column":39}},"17":{"start":{"line":48,"column":4},"end":{"line":50,"column":5}},"18":{"start":{"line":49,"column":8},"end":{"line":49,"column":82}},"19":{"start":{"line":53,"column":4},"end":{"line":55,"column":5}},"20":{"start":{"line":54,"column":8},"end":{"line":54,"column":80}},"21":{"start":{"line":58,"column":4},"end":{"line":60,"column":5}},"22":{"start":{"line":59,"column":8},"end":{"line":59,"column":77}},"23":{"start":{"line":62,"column":4},"end":{"line":92,"column":7}},"24":{"start":{"line":63,"column":8},"end":{"line":63,"column":38}},"25":{"start":{"line":63,"column":19},"end":{"line":63,"column":36}},"26":{"start":{"line":66,"column":8},"end":{"line":68,"column":9}},"27":{"start":{"line":67,"column":12},"end":{"line":67,"column":92}},"28":{"start":{"line":71,"column":8},"end":{"line":75,"column":11}},"29":{"start":{"line":77,"column":8},"end":{"line":91,"column":11}},"30":{"start":{"line":78,"column":12},"end":{"line":78,"column":42}},"31":{"start":{"line":78,"column":23},"end":{"line":78,"column":40}},"32":{"start":{"line":85,"column":12},"end":{"line":85,"column":45}},"33":{"start":{"line":87,"column":12},"end":{"line":90,"column":15}}},"branchMap":{"1":{"line":48,"type":"if","locations":[{"start":{"line":48,"column":4},"end":{"line":48,"column":4}},{"start":{"line":48,"column":4},"end":{"line":48,"column":4}}]},"2":{"line":53,"type":"if","locations":[{"start":{"line":53,"column":4},"end":{"line":53,"column":4}},{"start":{"line":53,"column":4},"end":{"line":53,"column":4}}]},"3":{"line":53,"type":"binary-expr","locations":[{"start":{"line":53,"column":8},"end":{"line":53,"column":18}},{"start":{"line":53,"column":22},"end":{"line":53,"column":31}}]},"4":{"line":58,"type":"if","locations":[{"start":{"line":58,"column":4},"end":{"line":58,"column":4}},{"start":{"line":58,"column":4},"end":{"line":58,"column":4}}]},"5":{"line":63,"type":"if","locations":[{"start":{"line":63,"column":8},"end":{"line":63,"column":8}},{"start":{"line":63,"column":8},"end":{"line":63,"column":8}}]},"6":{"line":66,"type":"if","locations":[{"start":{"line":66,"column":8},"end":{"line":66,"column":8}},{"start":{"line":66,"column":8},"end":{"line":66,"column":8}}]},"7":{"line":78,"type":"if","locations":[{"start":{"line":78,"column":12},"end":{"line":78,"column":12}},{"start":{"line":78,"column":12},"end":{"line":78,"column":12}}]}}},"/Users/chrisgray/personal/dividr/routes/meals.js":{"path":"/Users/chrisgray/personal/dividr/routes/meals.js","s":{"1":1,"2":1,"3":1,"4":1,"5":1,"6":1,"7":1,"8":1,"9":1,"10":1,"11":1,"12":1},"b":{},"f":{},"fnMap":{},"statementMap":{"1":{"start":{"line":1,"column":0},"end":{"line":1,"column":32}},"2":{"start":{"line":3,"column":0},"end":{"line":3,"column":35}},"3":{"start":{"line":4,"column":0},"end":{"line":4,"column":32}},"4":{"start":{"line":5,"column":0},"end":{"line":5,"column":37}},"5":{"start":{"line":8,"column":0},"end":{"line":8,"column":69}},"6":{"start":{"line":12,"column":0},"end":{"line":12,"column":105}},"7":{"start":{"line":14,"column":0},"end":{"line":14,"column":40}},"8":{"start":{"line":16,"column":0},"end":{"line":16,"column":42}},"9":{"start":{"line":18,"column":0},"end":{"line":18,"column":41}},"10":{"start":{"line":20,"column":0},"end":{"line":20,"column":47}},"11":{"start":{"line":22,"column":0},"end":{"line":22,"column":47}},"12":{"start":{"line":24,"column":0},"end":{"line":24,"column":24}}},"branchMap":{}},"/Users/chrisgray/personal/dividr/controllers/meals/meals.js":{"path":"/Users/chrisgray/personal/dividr/controllers/meals/meals.js","s":{"1":1,"2":1,"3":1,"4":1,"5":0,"6":0,"7":0,"8":1,"9":0,"10":0,"11":0,"12":0,"13":0,"14":0,"15":0,"16":0,"17":1,"18":0,"19":0,"20":0,"21":0,"22":1,"23":0,"24":0,"25":0,"26":0,"27":0,"28":0,"29":0,"30":0,"31":1,"32":0,"33":0,"34":0,"35":0,"36":0,"37":0,"38":0,"39":0,"40":0,"41":0,"42":1},"b":{"1":[0,0],"2":[0,0],"3":[0,0],"4":[0,0],"5":[0,0],"6":[0,0]},"f":{},"fnMap":{},"statementMap":{"1":{"start":{"line":1,"column":0},"end":{"line":1,"column":38}},"2":{"start":{"line":2,"column":0},"end":{"line":2,"column":28}},"3":{"start":{"line":4,"column":0},"end":{"line":4,"column":46}},"4":{"start":{"line":6,"column":0},"end":{"line":15,"column":2}},"5":{"start":{"line":7,"column":4},"end":{"line":13,"column":7}},"6":{"start":{"line":10,"column":8},"end":{"line":10,"column":23}},"7":{"start":{"line":12,"column":8},"end":{"line":12,"column":32}},"8":{"start":{"line":17,"column":0},"end":{"line":33,"column":2}},"9":{"start":{"line":18,"column":4},"end":{"line":18,"column":27}},"10":{"start":{"line":19,"column":4},"end":{"line":21,"column":5}},"11":{"start":{"line":20,"column":8},"end":{"line":20,"column":35}},"12":{"start":{"line":22,"column":4},"end":{"line":31,"column":7}},"13":{"start":{"line":25,"column":8},"end":{"line":27,"column":9}},"14":{"start":{"line":26,"column":12},"end":{"line":26,"column":39}},"15":{"start":{"line":28,"column":8},"end":{"line":28,"column":36}},"16":{"start":{"line":30,"column":8},"end":{"line":30,"column":31}},"17":{"start":{"line":35,"column":0},"end":{"line":49,"column":2}},"18":{"start":{"line":36,"column":4},"end":{"line":42,"column":7}},"19":{"start":{"line":44,"column":4},"end":{"line":48,"column":7}},"20":{"start":{"line":45,"column":8},"end":{"line":45,"column":21}},"21":{"start":{"line":47,"column":8},"end":{"line":47,"column":32}},"22":{"start":{"line":51,"column":0},"end":{"line":66,"column":2}},"23":{"start":{"line":52,"column":4},"end":{"line":52,"column":27}},"24":{"start":{"line":53,"column":4},"end":{"line":55,"column":5}},"25":{"start":{"line":54,"column":8},"end":{"line":54,"column":35}},"26":{"start":{"line":56,"column":4},"end":{"line":65,"column":7}},"27":{"start":{"line":59,"column":8},"end":{"line":61,"column":9}},"28":{"start":{"line":60,"column":12},"end":{"line":60,"column":39}},"29":{"start":{"line":62,"column":8},"end":{"line":62,"column":37}},"30":{"start":{"line":64,"column":8},"end":{"line":64,"column":36}},"31":{"start":{"line":68,"column":0},"end":{"line":85,"column":2}},"32":{"start":{"line":69,"column":4},"end":{"line":69,"column":27}},"33":{"start":{"line":70,"column":4},"end":{"line":70,"column":74}},"34":{"start":{"line":71,"column":4},"end":{"line":73,"column":5}},"35":{"start":{"line":72,"column":8},"end":{"line":72,"column":35}},"36":{"start":{"line":74,"column":4},"end":{"line":84,"column":6}},"37":{"start":{"line":77,"column":8},"end":{"line":79,"column":9}},"38":{"start":{"line":78,"column":12},"end":{"line":78,"column":39}},"39":{"start":{"line":80,"column":8},"end":{"line":80,"column":37}},"40":{"start":{"line":82,"column":8},"end":{"line":82,"column":23}},"41":{"start":{"line":83,"column":8},"end":{"line":83,"column":32}},"42":{"start":{"line":87,"column":0},"end":{"line":93,"column":2}}},"branchMap":{"1":{"line":19,"type":"if","locations":[{"start":{"line":19,"column":4},"end":{"line":19,"column":4}},{"start":{"line":19,"column":4},"end":{"line":19,"column":4}}]},"2":{"line":25,"type":"if","locations":[{"start":{"line":25,"column":8},"end":{"line":25,"column":8}},{"start":{"line":25,"column":8},"end":{"line":25,"column":8}}]},"3":{"line":53,"type":"if","locations":[{"start":{"line":53,"column":4},"end":{"line":53,"column":4}},{"start":{"line":53,"column":4},"end":{"line":53,"column":4}}]},"4":{"line":59,"type":"if","locations":[{"start":{"line":59,"column":8},"end":{"line":59,"column":8}},{"start":{"line":59,"column":8},"end":{"line":59,"column":8}}]},"5":{"line":71,"type":"if","locations":[{"start":{"line":71,"column":4},"end":{"line":71,"column":4}},{"start":{"line":71,"column":4},"end":{"line":71,"column":4}}]},"6":{"line":77,"type":"if","locations":[{"start":{"line":77,"column":8},"end":{"line":77,"column":8}},{"start":{"line":77,"column":8},"end":{"line":77,"column":8}}]}}},"/Users/chrisgray/personal/dividr/models/meal.js":{"path":"/Users/chrisgray/personal/dividr/models/meal.js","s":{"1":1,"2":1,"3":1,"4":1,"5":0,"6":0,"7":1,"8":0,"9":0,"10":1,"11":1},"b":{"1":[0,0]},"f":{"1":0,"2":0},"fnMap":{"1":{"name":"(anonymous_1)","line":32,"loc":{"start":{"line":32,"column":23},"end":{"line":32,"column":39}}},"2":{"name":"(anonymous_2)","line":37,"loc":{"start":{"line":37,"column":36},"end":{"line":37,"column":54}}}},"statementMap":{"1":{"start":{"line":1,"column":0},"end":{"line":1,"column":37}},"2":{"start":{"line":2,"column":0},"end":{"line":2,"column":31}},"3":{"start":{"line":4,"column":0},"end":{"line":30,"column":3}},"4":{"start":{"line":32,"column":0},"end":{"line":35,"column":3}},"5":{"start":{"line":33,"column":4},"end":{"line":33,"column":57}},"6":{"start":{"line":34,"column":4},"end":{"line":34,"column":11}},"7":{"start":{"line":37,"column":0},"end":{"line":41,"column":3}},"8":{"start":{"line":38,"column":4},"end":{"line":40,"column":5}},"9":{"start":{"line":39,"column":8},"end":{"line":39,"column":67}},"10":{"start":{"line":43,"column":0},"end":{"line":43,"column":48}},"11":{"start":{"line":45,"column":0},"end":{"line":45,"column":24}}},"branchMap":{"1":{"line":38,"type":"if","locations":[{"start":{"line":38,"column":4},"end":{"line":38,"column":4}},{"start":{"line":38,"column":4},"end":{"line":38,"column":4}}]}}}}