TN:
SF:/Users/chrisgray/personal/dividr/app.js
FN:26,(anonymous_0)
FN:33,(anonymous_1)
FNF:2
FNH:0
FNDA:0,(anonymous_0)
FNDA:0,(anonymous_1)
DA:1,1
DA:2,1
DA:4,1
DA:5,1
DA:6,1
DA:7,1
DA:8,1
DA:10,1
DA:11,1
DA:13,1
DA:15,1
DA:17,1
DA:18,1
DA:19,1
DA:20,1
DA:22,1
DA:23,1
DA:26,1
DA:27,0
DA:28,0
DA:29,0
DA:33,1
DA:35,0
DA:36,0
DA:39,0
DA:40,0
DA:43,1
LF:27
LH:20
BRDA:36,0,0,0
BRDA:36,0,1,0
BRDA:39,1,0,0
BRDA:39,1,1,0
BRF:4
BRH:0
end_of_record
TN:
SF:/Users/chrisgray/personal/dividr/config/config.js
FN:7,(anonymous_0)
FNF:1
FNH:1
FNDA:6,(anonymous_0)
DA:1,1
DA:3,1
DA:4,1
DA:5,1
DA:7,1
DA:8,6
LF:6
LH:6
BRDA:1,0,0,1
BRDA:1,0,1,0
BRDA:3,1,0,1
BRDA:3,1,1,0
BRDA:3,2,0,1
BRDA:3,2,1,1
BRF:6
BRH:4
end_of_record
TN:
SF:/Users/chrisgray/personal/dividr/config/passport.js
FN:12,(anonymous_0)
FN:13,(anonymous_1)
FN:17,(anonymous_2)
FN:34,(anonymous_3)
FN:35,(anonymous_4)
FNF:5
FNH:5
FNDA:17,(anonymous_0)
FNDA:17,(anonymous_1)
FNDA:16,(anonymous_2)
FNDA:15,(anonymous_3)
FNDA:15,(anonymous_4)
DA:1,1
DA:3,1
DA:4,1
DA:5,1
DA:6,1
DA:7,1
DA:9,1
DA:12,1
DA:13,17
DA:14,17
DA:15,17
DA:17,16
DA:18,16
DA:19,16
DA:21,16
DA:26,1
DA:34,1
DA:35,15
DA:36,15
DA:37,15
DA:38,15
DA:40,0
DA:45,1
DA:46,1
LF:24
LH:23
BRDA:14,0,0,0
BRDA:14,0,1,17
BRDA:15,1,0,1
BRDA:15,1,1,16
BRDA:18,2,0,0
BRDA:18,2,1,16
BRDA:19,3,0,0
BRDA:19,3,1,16
BRDA:36,4,0,0
BRDA:36,4,1,15
BRDA:37,5,0,15
BRDA:37,5,1,0
BRF:12
BRH:7
end_of_record
TN:
SF:/Users/chrisgray/personal/dividr/controllers/authentication/authentication.js
FN:9,generateToken
FN:16,setUserInfo
FN:28,(anonymous_2)
FN:36,(anonymous_3)
FN:45,(anonymous_4)
FN:67,(anonymous_5)
FN:82,(anonymous_6)
FNF:7
FNH:7
FNDA:18,generateToken
FNDA:18,setUserInfo
FNDA:16,(anonymous_2)
FNDA:1,(anonymous_3)
FNDA:5,(anonymous_4)
FNDA:3,(anonymous_5)
FNDA:2,(anonymous_6)
DA:1,1
DA:3,1
DA:4,1
DA:7,1
DA:10,18
DA:17,18
DA:28,1
DA:29,16
DA:30,16
DA:36,1
DA:37,1
DA:38,1
DA:45,1
DA:47,5
DA:48,5
DA:49,5
DA:50,5
DA:53,5
DA:54,1
DA:58,4
DA:59,0
DA:63,4
DA:64,1
DA:67,3
DA:68,3
DA:71,3
DA:72,1
DA:76,2
DA:82,2
DA:83,2
DA:90,2
DA:92,2
LF:32
LH:31
BRDA:53,0,0,1
BRDA:53,0,1,4
BRDA:58,1,0,0
BRDA:58,1,1,4
BRDA:58,2,0,4
BRDA:58,2,1,4
BRDA:63,3,0,1
BRDA:63,3,1,3
BRDA:68,4,0,0
BRDA:68,4,1,3
BRDA:71,5,0,1
BRDA:71,5,1,2
BRDA:83,6,0,0
BRDA:83,6,1,2
BRF:14
BRH:11
end_of_record
TN:
SF:/Users/chrisgray/personal/dividr/controllers/meals/meals.js
FN:6,(anonymous_0)
FN:9,(anonymous_1)
FN:18,(anonymous_2)
FN:24,(anonymous_3)
FN:31,(anonymous_4)
FN:36,(anonymous_5)
FN:42,(anonymous_6)
FN:51,(anonymous_7)
FN:53,(anonymous_8)
FN:58,(anonymous_9)
FN:65,(anonymous_10)
FN:70,(anonymous_11)
FN:75,(anonymous_12)
FN:83,(anonymous_13)
FN:88,(anonymous_14)
FNF:15
FNH:11
FNDA:1,(anonymous_0)
FNDA:1,(anonymous_1)
FNDA:0,(anonymous_2)
FNDA:3,(anonymous_3)
FNDA:2,(anonymous_4)
FNDA:0,(anonymous_5)
FNDA:4,(anonymous_6)
FNDA:2,(anonymous_7)
FNDA:2,(anonymous_8)
FNDA:3,(anonymous_9)
FNDA:2,(anonymous_10)
FNDA:0,(anonymous_11)
FNDA:4,(anonymous_12)
FNDA:3,(anonymous_13)
FNDA:0,(anonymous_14)
DA:1,1
DA:2,1
DA:4,1
DA:6,1
DA:7,1
DA:10,1
DA:19,0
DA:24,1
DA:25,3
DA:26,3
DA:27,1
DA:29,2
DA:32,2
DA:33,1
DA:35,1
DA:37,0
DA:42,1
DA:43,4
DA:51,4
DA:52,2
DA:54,2
DA:58,1
DA:59,3
DA:60,3
DA:61,1
DA:63,2
DA:66,2
DA:67,1
DA:69,1
DA:71,0
DA:75,1
DA:76,4
DA:77,4
DA:78,4
DA:79,1
DA:81,3
DA:84,3
DA:85,1
DA:87,2
DA:89,0
DA:93,1
LF:41
LH:37
BRDA:26,0,0,1
BRDA:26,0,1,2
BRDA:32,1,0,1
BRDA:32,1,1,1
BRDA:60,2,0,1
BRDA:60,2,1,2
BRDA:66,3,0,1
BRDA:66,3,1,1
BRDA:78,4,0,1
BRDA:78,4,1,3
BRDA:84,5,0,1
BRDA:84,5,1,2
BRF:12
BRH:12
end_of_record
TN:
SF:/Users/chrisgray/personal/dividr/db/mongoose.js
FNF:0
FNH:0
DA:1,1
DA:2,1
DA:5,1
DA:7,1
DA:9,1
LF:5
LH:5
BRF:0
BRH:0
end_of_record
TN:
SF:/Users/chrisgray/personal/dividr/models/meal.js
FN:32,(anonymous_0)
FNF:1
FNH:1
FNDA:3,(anonymous_0)
DA:1,1
DA:2,1
DA:4,1
DA:32,1
DA:33,3
DA:34,2
DA:38,1
DA:40,1
LF:8
LH:8
BRDA:33,0,0,2
BRDA:33,0,1,1
BRF:2
BRH:2
end_of_record
TN:
SF:/Users/chrisgray/personal/dividr/models/user.js
FN:31,(anonymous_0)
FN:37,(anonymous_1)
FN:40,(anonymous_2)
FN:49,(anonymous_3)
FN:50,(anonymous_4)
FNF:5
FNH:5
FNDA:2,(anonymous_0)
FNDA:2,(anonymous_1)
FNDA:2,(anonymous_2)
FNDA:16,(anonymous_3)
FNDA:16,(anonymous_4)
DA:1,1
DA:2,1
DA:3,1
DA:8,1
DA:31,1
DA:32,2
DA:33,2
DA:35,2
DA:37,2
DA:38,2
DA:40,2
DA:41,2
DA:42,2
DA:43,2
DA:49,1
DA:50,16
DA:51,16
DA:53,16
DA:57,1
LF:19
LH:19
BRDA:35,0,0,0
BRDA:35,0,1,2
BRDA:38,1,0,0
BRDA:38,1,1,2
BRDA:41,2,0,0
BRDA:41,2,1,2
BRDA:51,3,0,0
BRDA:51,3,1,16
BRF:8
BRH:4
end_of_record
TN:
SF:/Users/chrisgray/personal/dividr/routes/index.js
FN:14,(anonymous_0)
FNF:1
FNH:1
FNDA:1,(anonymous_0)
DA:1,1
DA:3,1
DA:4,1
DA:5,1
DA:6,1
DA:10,1
DA:14,1
DA:15,1
DA:19,1
DA:22,1
DA:24,1
DA:27,1
LF:12
LH:12
BRF:0
BRH:0
end_of_record
TN:
SF:/Users/chrisgray/personal/dividr/routes/meals.js
FNF:0
FNH:0
DA:1,1
DA:3,1
DA:4,1
DA:5,1
DA:8,1
DA:12,1
DA:14,1
DA:16,1
DA:18,1
DA:20,1
DA:22,1
DA:24,1
LF:12
LH:12
BRF:0
BRH:0
end_of_record
TN:
SF:/Users/chrisgray/personal/dividr/tests/test-helpers.js
FN:4,createLoginToken
FN:10,(anonymous_1)
FNF:2
FNH:2
FNDA:15,createLoginToken
FNDA:15,(anonymous_1)
DA:1,1
DA:5,15
DA:12,15
DA:13,0
DA:16,15
DA:18,15
DA:20,15
DA:24,1
LF:8
LH:7
BRDA:12,0,0,0
BRDA:12,0,1,15
BRF:2
BRH:1
end_of_record
TN:
SF:/Users/chrisgray/personal/dividr/tests/seed/seed.js
FN:9,encryptPassword
FN:21,(anonymous_1)
FN:22,(anonymous_2)
FN:24,(anonymous_3)
FN:46,(anonymous_4)
FN:47,(anonymous_5)
FN:49,(anonymous_6)
FNF:7
FNH:7
FNDA:3,encryptPassword
FNDA:26,(anonymous_1)
FNDA:26,(anonymous_2)
FNDA:26,(anonymous_3)
FNDA:25,(anonymous_4)
FNDA:25,(anonymous_5)
FNDA:25,(anonymous_6)
DA:1,1
DA:2,1
DA:3,1
DA:5,1
DA:6,1
DA:7,1
DA:10,3
DA:13,1
DA:14,1
DA:16,1
DA:19,1
DA:21,1
DA:22,26
DA:23,26
DA:24,26
DA:27,1
DA:46,1
DA:47,25
DA:48,25
DA:49,25
DA:52,1
LF:21
LH:21
BRF:0
BRH:0
end_of_record
